<?xml version="1.0" encoding="UTF-8" ?>
<testsuite tests="4" failures="4" name="ua.lviv.iot.gym.GymManagerUtilsTest" time="0" errors="0" skipped="0">
  <properties>
[...]
</properties>
  <testcase classname="ua.lviv.iot.gym.GymManagerUtilsTest" name="ua.lviv.iot.gym.GymManagerUtilsTest.testSortByProducingCountry" time="0">
    <failure type="java.lang.NullPointerException">java.lang.NullPointerException
	at ua.lviv.iot.gym.manager.GymManagerUtils.sortByProducingCountry(GymManagerUtils.java:40)
	at ua.lviv.iot.gym.GymManagerUtilsTest.testSortByProducingCountry(GymManagerUtilsTest.java:27)
</failure>
  </testcase>
  <testcase classname="ua.lviv.iot.gym.GymManagerUtilsTest" name="ua.lviv.iot.gym.GymManagerUtilsTest.testSortByPriceAsc" time="0">
    <failure type="java.lang.NullPointerException">java.lang.NullPointerException
	at ua.lviv.iot.gym.manager.GymManagerUtils.sortExerciseMachinesByPrice(GymManagerUtils.java:33)
	at ua.lviv.iot.gym.GymManagerUtilsTest.testSortByPriceAsc(GymManagerUtilsTest.java:13)
</failure>
  </testcase>
  <testcase classname="ua.lviv.iot.gym.GymManagerUtilsTest" name="ua.lviv.iot.gym.GymManagerUtilsTest.testSortByModelDes" time="0">
    <failure type="java.lang.NullPointerException">java.lang.NullPointerException
	at ua.lviv.iot.gym.manager.GymManagerUtils.sortByModel(GymManagerUtils.java:61)
	at ua.lviv.iot.gym.GymManagerUtilsTest.testSortByModelDes(GymManagerUtilsTest.java:20)
</failure>
  </testcase>
  <testcase classname="ua.lviv.iot.gym.GymManagerUtilsTest" name="ua.lviv.iot.gym.GymManagerUtilsTest.testSortByDuration" time="0">
    <failure type="java.lang.NullPointerException">java.lang.NullPointerException
	at ua.lviv.iot.gym.manager.GymManagerUtils.sortExerciseMachinesByDuration(GymManagerUtils.java:72)
	at ua.lviv.iot.gym.GymManagerUtilsTest.testSortByDuration(GymManagerUtilsTest.java:34)
</failure>
  </testcase>
</testsuite>