-------------------------------------------------------------------------------
Test set: ua.lviv.iot.gym.GymManagerTest
-------------------------------------------------------------------------------
Tests run: 1, Failures: 1, Errors: 0, Skipped: 0, Time elapsed: 0.005 sec <<< FAILURE!
ua.lviv.iot.gym.GymManagerTest.testFindExerciseByDurationInMinutes()  Time elapsed: 0.002 sec  <<< FAILURE!
java.lang.NullPointerException
	at ua.lviv.iot.gym.GymManagerTest.testFindExerciseByDurationInMinutes(GymManagerTest.java:23)

