-------------------------------------------------------------------------------
Test set: ua.lviv.iot.gym.GymManagerUtilsTest
-------------------------------------------------------------------------------
Tests run: 4, Failures: 4, Errors: 0, Skipped: 0, Time elapsed: 0.001 sec <<< FAILURE!
ua.lviv.iot.gym.GymManagerUtilsTest.testSortByProducingCountry()  Time elapsed: 0 sec  <<< FAILURE!
java.lang.NullPointerException
	at ua.lviv.iot.gym.manager.GymManagerUtils.sortByProducingCountry(GymManagerUtils.java:40)
	at ua.lviv.iot.gym.GymManagerUtilsTest.testSortByProducingCountry(GymManagerUtilsTest.java:27)

ua.lviv.iot.gym.GymManagerUtilsTest.testSortByPriceAsc()  Time elapsed: 0 sec  <<< FAILURE!
java.lang.NullPointerException
	at ua.lviv.iot.gym.manager.GymManagerUtils.sortExerciseMachinesByPrice(GymManagerUtils.java:33)
	at ua.lviv.iot.gym.GymManagerUtilsTest.testSortByPriceAsc(GymManagerUtilsTest.java:13)

ua.lviv.iot.gym.GymManagerUtilsTest.testSortByModelDes()  Time elapsed: 0 sec  <<< FAILURE!
java.lang.NullPointerException
	at ua.lviv.iot.gym.manager.GymManagerUtils.sortByModel(GymManagerUtils.java:61)
	at ua.lviv.iot.gym.GymManagerUtilsTest.testSortByModelDes(GymManagerUtilsTest.java:20)

ua.lviv.iot.gym.GymManagerUtilsTest.testSortByDuration()  Time elapsed: 0 sec  <<< FAILURE!
java.lang.NullPointerException
	at ua.lviv.iot.gym.manager.GymManagerUtils.sortExerciseMachinesByDuration(GymManagerUtils.java:72)
	at ua.lviv.iot.gym.GymManagerUtilsTest.testSortByDuration(GymManagerUtilsTest.java:34)

